{"/Users/chenanguo/Documents/WebstromProjects/istanbul_demo/sqrt.test.js":{"path":"/Users/chenanguo/Documents/WebstromProjects/istanbul_demo/sqrt.test.js","s":{"1":1,"2":1,"3":1,"4":1,"5":1,"6":1,"7":1,"8":1,"9":1},"b":{},"f":{"1":1,"2":1,"3":1,"4":1},"fnMap":{"1":{"name":"(anonymous_1)","line":8,"loc":{"start":{"line":8,"column":17},"end":{"line":8,"column":29}}},"2":{"name":"(anonymous_2)","line":9,"loc":{"start":{"line":9,"column":21},"end":{"line":9,"column":33}}},"3":{"name":"(anonymous_3)","line":12,"loc":{"start":{"line":12,"column":21},"end":{"line":12,"column":33}}},"4":{"name":"(anonymous_4)","line":13,"loc":{"start":{"line":13,"column":15},"end":{"line":13,"column":27}}}},"statementMap":{"1":{"start":{"line":4,"column":0},"end":{"line":4,"column":27}},"2":{"start":{"line":5,"column":0},"end":{"line":5,"column":25}},"3":{"start":{"line":6,"column":0},"end":{"line":6,"column":30}},"4":{"start":{"line":8,"column":0},"end":{"line":17,"column":3}},"5":{"start":{"line":9,"column":4},"end":{"line":11,"column":7}},"6":{"start":{"line":10,"column":8},"end":{"line":10,"column":40}},"7":{"start":{"line":12,"column":4},"end":{"line":16,"column":7}},"8":{"start":{"line":13,"column":8},"end":{"line":15,"column":31}},"9":{"start":{"line":14,"column":12},"end":{"line":14,"column":24}}},"branchMap":{}},"/Users/chenanguo/Documents/WebstromProjects/istanbul_demo/sqrt.js":{"path":"/Users/chenanguo/Documents/WebstromProjects/istanbul_demo/sqrt.js","s":{"1":1,"2":2,"3":1,"4":1,"5":1},"b":{"1":[1,1]},"f":{"1":2},"fnMap":{"1":{"name":"(anonymous_1)","line":5,"loc":{"start":{"line":5,"column":10},"end":{"line":5,"column":23}}}},"statementMap":{"1":{"start":{"line":4,"column":0},"end":{"line":9,"column":2}},"2":{"start":{"line":6,"column":8},"end":{"line":6,"column":46}},"3":{"start":{"line":6,"column":19},"end":{"line":6,"column":46}},"4":{"start":{"line":7,"column":8},"end":{"line":7,"column":41}},"5":{"start":{"line":11,"column":0},"end":{"line":11,"column":20}}},"branchMap":{"1":{"line":6,"type":"if","locations":[{"start":{"line":6,"column":8},"end":{"line":6,"column":8}},{"start":{"line":6,"column":8},"end":{"line":6,"column":8}}]}}}}