{"E:\\WebstormProjects\\istanbul_demo\\simple.js":{"path":"E:\\WebstormProjects\\istanbul_demo\\simple.js","s":{"1":1,"2":1,"3":1,"4":0,"5":1,"6":0,"7":0,"8":0},"b":{"1":[0,1],"2":[1,0],"3":[0,0]},"f":{},"fnMap":{},"statementMap":{"1":{"start":{"line":4,"column":0},"end":{"line":4,"column":10}},"2":{"start":{"line":5,"column":0},"end":{"line":5,"column":10}},"3":{"start":{"line":6,"column":0},"end":{"line":8,"column":1}},"4":{"start":{"line":7,"column":4},"end":{"line":7,"column":33}},"5":{"start":{"line":10,"column":0},"end":{"line":10,"column":56}},"6":{"start":{"line":12,"column":0},"end":{"line":12,"column":12}},"7":{"start":{"line":13,"column":0},"end":{"line":15,"column":1}},"8":{"start":{"line":14,"column":4},"end":{"line":14,"column":19}}},"branchMap":{"1":{"line":6,"type":"if","locations":[{"start":{"line":6,"column":0},"end":{"line":6,"column":0}},{"start":{"line":6,"column":0},"end":{"line":6,"column":0}}]},"2":{"line":10,"type":"binary-expr","locations":[{"start":{"line":10,"column":13},"end":{"line":10,"column":22}},{"start":{"line":10,"column":53},"end":{"line":10,"column":55},"skip":true}]},"3":{"line":13,"type":"if","locations":[{"start":{"line":13,"column":0},"end":{"line":13,"column":0}},{"start":{"line":13,"column":0},"end":{"line":13,"column":0}}]}}}}