TN:
SF:/Users/chenanguo/Documents/WebstromProjects/istanbul_demo/sqrt.test.js
FN:8,(anonymous_1)
FN:9,(anonymous_2)
FN:12,(anonymous_3)
FN:13,(anonymous_4)
FNF:4
FNH:4
FNDA:1,(anonymous_1)
FNDA:1,(anonymous_2)
FNDA:1,(anonymous_3)
FNDA:1,(anonymous_4)
DA:4,1
DA:5,1
DA:6,1
DA:8,1
DA:9,1
DA:10,1
DA:12,1
DA:13,1
DA:14,1
LF:9
LH:9
BRF:0
BRH:0
end_of_record
TN:
SF:/Users/chenanguo/Documents/WebstromProjects/istanbul_demo/sqrt.js
FN:5,(anonymous_1)
FNF:1
FNH:1
FNDA:2,(anonymous_1)
DA:4,1
DA:6,2
DA:7,1
DA:11,1
LF:4
LH:4
BRDA:6,1,0,1
BRDA:6,1,1,1
BRF:2
BRH:2
end_of_record
